<?xml version="1.0" encoding="UTF-8"?>
<!-- Generated by org.testng.reporters.JUnitReportReporter -->
<testsuite hostname="CIOS-9300WZW-LX" failures="0" tests="1" name="com.mavenframework.testcases.AddToCart" time="12.715" errors="0" timestamp="2020-04-04T16:59:48 CST" skipped="0">
  <testcase classname="com.mavenframework.testcases.AddToCart" name="InvalidSearch" time="12.715"/>
  <system-out/>
</testsuite> <!-- com.mavenframework.testcases.AddToCart -->
