<?xml version="1.0" encoding="UTF-8"?>
<!-- Generated by org.testng.reporters.JUnitReportReporter -->
<testsuite hostname="CIOS-9300WZW-LX" failures="0" tests="5" name="com.mavenframework.testcases.AddToCartTestCase" time="101.728" errors="0" timestamp="2020-04-08T19:29:01 CST" skipped="0">
  <testcase classname="com.mavenframework.testcases.AddToCartTestCase" name="InvalidSearch" time="12.596"/>
  <system-out/>
  <testcase classname="com.mavenframework.testcases.AddToCartTestCase" name="ValidSearch" time="11.104"/>
  <system-out/>
  <testcase classname="com.mavenframework.testcases.AddToCartTestCase" name="AddItemToCart" time="51.540"/>
  <system-out/>
  <testcase classname="com.mavenframework.testcases.AddToCartTestCase" name="RemoveSecondItem" time="7.692"/>
  <system-out/>
  <testcase classname="com.mavenframework.testcases.AddToCartTestCase" name="CheckOutItem" time="18.796"/>
  <system-out/>
</testsuite> <!-- com.mavenframework.testcases.AddToCartTestCase -->
